<?xml version="1.0" encoding="UTF-8"?>
<testsuite xmlns:xsi="http://www.w3.org/2001/XMLSchema-instance" xsi:noNamespaceSchemaLocation="https://maven.apache.org/surefire/maven-surefire-plugin/xsd/surefire-test-report.xsd" name="edu.cmu.scs.cc.DataFilterTest" time="0.1" tests="9" errors="0" skipped="0" failures="0">
  <properties>
[...]
</properties>
  <testcase name="checkDataLength" classname="edu.cmu.scs.cc.DataFilterTest" time="0.015"/>
  <testcase name="sortRecords" classname="edu.cmu.scs.cc.DataFilterTest" time="0.008"/>
  <testcase name="checkAllRules" classname="edu.cmu.scs.cc.DataFilterTest" time="0.049"/>
  <testcase name="checkDomain" classname="edu.cmu.scs.cc.DataFilterTest" time="0.001"/>
  <testcase name="checkPrefix" classname="edu.cmu.scs.cc.DataFilterTest" time="0.001"/>
  <testcase name="checkSuffix" classname="edu.cmu.scs.cc.DataFilterTest" time="0.001"/>
  <testcase name="checkFirstLetter" classname="edu.cmu.scs.cc.DataFilterTest" time="0.001"/>
  <testcase name="getColumns" classname="edu.cmu.scs.cc.DataFilterTest" time="0.002"/>
  <testcase name="checkSpecialPage" classname="edu.cmu.scs.cc.DataFilterTest" time="0.001"/>
</testsuite>